<?xml version="1.0" encoding="UTF-8"?>
<!-- Generated by org.testng.reporters.JUnitReportReporter -->
<testsuite hostname="DESKTOP-ROFA72B" failures="0" tests="1" name="com.test.RestAsureAPI.TestAPI" time="3.592" errors="0" timestamp="2023-09-13T20:39:19 IST" skipped="0">
  <testcase classname="com.test.RestAsureAPI.TestAPI" name="performOptions" time="3.592"/>
</testsuite> <!-- com.test.RestAsureAPI.TestAPI -->
