<?xml version="1.0" encoding="UTF-8"?>
<!-- Generated by org.testng.reporters.JUnitReportReporter -->
<testsuite hostname="DESKTOP-ROFA72B" failures="0" tests="1" name="com.test.RestAsureAPI.RestDeleteAPITest" time="4.111" errors="0" timestamp="2023-09-16T21:46:20 IST" skipped="0">
  <testcase classname="com.test.RestAsureAPI.RestDeleteAPITest" name="createBooking" time="4.111"/>
</testsuite> <!-- com.test.RestAsureAPI.RestDeleteAPITest -->
