<?xml version="1.0" encoding="UTF-8"?>
<!-- Generated by org.testng.reporters.JUnitReportReporter -->
<testsuite hostname="DESKTOP-ROFA72B" failures="0" tests="1" name="com.test.RestAsureAPI.RestPutAPITest" time="0.286" errors="0" timestamp="2023-09-14T07:33:43 IST" skipped="0">
  <testcase classname="com.test.RestAsureAPI.RestPutAPITest" name="testPut" time="0.286"/>
</testsuite> <!-- com.test.RestAsureAPI.RestPutAPITest -->
