<?xml version="1.0" encoding="UTF-8"?>
<!-- Generated by org.testng.reporters.JUnitReportReporter -->
<testsuite hostname="DESKTOP-ROFA72B" failures="0" tests="1" name="com.test.RestAsureAPI.RestAPIChainingTest" time="2.453" errors="0" timestamp="2023-09-13T21:05:32 IST" skipped="0">
  <testcase classname="com.test.RestAsureAPI.RestAPIChainingTest" name="performgGet" time="2.453"/>
</testsuite> <!-- com.test.RestAsureAPI.RestAPIChainingTest -->
