<?xml version="1.0" encoding="UTF-8"?>
<!-- Generated by org.testng.reporters.JUnitReportReporter -->
<testsuite hostname="DESKTOP-ROFA72B" failures="0" tests="1" name="com.test.RestAsureAPI.RestGetAPITest" time="0.272" errors="0" timestamp="2023-09-14T07:33:43 IST" skipped="0">
  <testcase classname="com.test.RestAsureAPI.RestGetAPITest" name="testGet" time="0.272"/>
</testsuite> <!-- com.test.RestAsureAPI.RestGetAPITest -->
