<?xml version="1.0" encoding="UTF-8"?>
<!-- Generated by org.testng.reporters.JUnitReportReporter -->
<testsuite hostname="DESKTOP-ROFA72B" failures="0" tests="1" name="com.test.RestAsureAPI.DeleteBookingAPITest" time="2.431" errors="0" timestamp="2023-09-17T16:26:49 IST" skipped="0">
  <testcase classname="com.test.RestAsureAPI.DeleteBookingAPITest" name="deleteBookingTest" time="2.431"/>
</testsuite> <!-- com.test.RestAsureAPI.DeleteBookingAPITest -->
